\BOOKMARK [1][-]{section.1}{\376\377\000I\000n\000t\000r\000o\000d\000u\000c\000t\000i\000o\000n}{}% 1
\BOOKMARK [2][-]{subsection.1.1}{\376\377\000C\000o\000m\000m\000u\000n\000i\000t\000y\000\040\000S\000t\000r\000u\000c\000t\000u\000r\000e\000\040\000I\000d\000e\000n\000t\000i\000f\000i\000c\000a\000t\000i\000o\000n\000\040\000P\000r\000o\000b\000l\000e\000m}{section.1}% 2
\BOOKMARK [2][-]{subsection.1.2}{\376\377\000C\000o\000m\000m\000u\000n\000i\000t\000y\000\040\000S\000t\000r\000u\000c\000t\000u\000r\000e\000\040\000I\000d\000e\000n\000t\000i\000f\000i\000c\000a\000t\000i\000o\000n\000\040\000f\000o\000r\000\040\000b\000o\000o\000k}{section.1}% 3
\BOOKMARK [3][-]{subsubsection.1.2.1}{\376\377\000M\000o\000t\000i\000v\000a\000t\000i\000o\000n}{subsection.1.2}% 4
\BOOKMARK [3][-]{subsubsection.1.2.2}{\376\377\000D\000a\000t\000a\000s\000e\000t\000\040\000d\000e\000s\000c\000r\000i\000p\000t\000i\000o\000n}{subsection.1.2}% 5
\BOOKMARK [1][-]{section.2}{\376\377\000P\000r\000e\000l\000i\000m\000i\000n\000a\000r\000i\000e\000s}{}% 6
\BOOKMARK [2][-]{subsection.2.1}{\376\377\000N\000e\000t\000w\000o\000r\000k\000s\000\040\000a\000n\000d\000\040\000N\000o\000d\000e\000,\000\040\000C\000o\000m\000m\000u\000n\000i\000t\000y\000\040\000S\000t\000r\000u\000c\000t\000u\000r\000e}{section.2}% 7
\BOOKMARK [2][-]{subsection.2.2}{\376\377\000C\000o\000m\000m\000u\000n\000i\000t\000y\000\040\000D\000e\000t\000e\000c\000t\000i\000o\000n}{section.2}% 8
\BOOKMARK [2][-]{subsection.2.3}{\376\377\000M\000o\000d\000u\000l\000a\000r\000i\000t\000y}{section.2}% 9
\BOOKMARK [3][-]{subsubsection.2.3.1}{\376\377\000M\000o\000d\000u\000l\000a\000r\000i\000t\000y\000\040\000D\000e\000n\000s\000i\000t\000y}{subsection.2.3}% 10
\BOOKMARK [3][-]{subsubsection.2.3.2}{\376\377\000M\000o\000d\000u\000l\000a\000r\000i\000t\000y\000\040\000Q}{subsection.2.3}% 11
\BOOKMARK [1][-]{section.3}{\376\377\000A\000p\000p\000r\000o\000a\000c\000h\000e\000s}{}% 12
\BOOKMARK [2][-]{subsection.3.1}{\376\377\000C\000o\000m\000m\000u\000n\000i\000t\000y\000\040\000D\000e\000t\000e\000c\000t\000i\000o\000n\000\040\000M\000e\000t\000h\000o\000d\000s\000\040\000i\000n\000\040\000N\000e\000t\000w\000o\000r\000k\000\040\000A\000n\000a\000l\000y\000s\000i\000s\000:\000\040\000A\000g\000g\000l\000o\000m\000e\000r\000a\000t\000i\000v\000e\000\040\000a\000n\000d\000\040\000D\000i\000v\000i\000s\000i\000v\000e\000\040\000A\000p\000p\000r\000o\000a\000c\000h\000e\000s}{section.3}% 13
\BOOKMARK [2][-]{subsection.3.2}{\376\377\000G\000i\000r\000v\000a\000n\000-\000N\000e\000w\000m\000a\000n\000\040\000a\000l\000g\000o\000r\000i\000t\000h\000m}{section.3}% 14
\BOOKMARK [3][-]{subsubsection.3.2.1}{\376\377\000P\000s\000e\000u\000d\000o\000\040\000C\000o\000d\000e}{subsection.3.2}% 15
\BOOKMARK [3][-]{subsubsection.3.2.2}{\376\377\000I\000m\000p\000l\000e\000m\000e\000n\000t\000\040\000C\000o\000d\000e}{subsection.3.2}% 16
\BOOKMARK [3][-]{subsubsection.3.2.3}{\376\377\000P\000r\000o\000s\000,\000\040\000C\000o\000n\000s}{subsection.3.2}% 17
\BOOKMARK [3][-]{subsubsection.3.2.4}{\376\377\000T\000i\000m\000e\000\040\000C\000o\000m\000p\000l\000e\000x\000i\000t\000y}{subsection.3.2}% 18
\BOOKMARK [2][-]{subsection.3.3}{\376\377\000L\000o\000u\000v\000a\000i\000n\000\040\000A\000l\000g\000o\000r\000i\000t\000h\000m}{section.3}% 19
\BOOKMARK [3][-]{subsubsection.3.3.1}{\376\377\000M\000o\000d\000u\000l\000a\000r\000i\000t\000y\000\040\000O\000p\000t\000i\000m\000i\000z\000a\000t\000i\000o\000n}{subsection.3.3}% 20
\BOOKMARK [3][-]{subsubsection.3.3.2}{\376\377\000C\000o\000m\000m\000u\000n\000i\000t\000y\000\040\000A\000g\000g\000r\000e\000g\000a\000t\000i\000o\000n}{subsection.3.3}% 21
\BOOKMARK [3][-]{subsubsection.3.3.3}{\376\377\000P\000r\000o\000s\000,\000\040\000C\000o\000n\000s}{subsection.3.3}% 22
\BOOKMARK [3][-]{subsubsection.3.3.4}{\376\377\000P\000s\000e\000u\000d\000o\000\040\000C\000o\000d\000e}{subsection.3.3}% 23
\BOOKMARK [3][-]{subsubsection.3.3.5}{\376\377\000I\000m\000p\000l\000e\000m\000e\000n\000t\000\040\000C\000o\000d\000e}{subsection.3.3}% 24
\BOOKMARK [2][-]{subsection.3.4}{\376\377\000L\000e\000i\000d\000e\000n\000\040\000a\000l\000g\000o\000r\000i\000t\000h\000m}{section.3}% 25
\BOOKMARK [3][-]{subsubsection.3.4.1}{\376\377\000P\000s\000e\000u\000d\000o\000\040\000c\000o\000d\000e}{subsection.3.4}% 26
\BOOKMARK [3][-]{subsubsection.3.4.2}{\376\377\000P\000r\000o\000s\000,\000\040\000C\000o\000n\000s}{subsection.3.4}% 27
\BOOKMARK [1][-]{section.4}{\376\377\000E\000x\000p\000e\000r\000i\000m\000e\000n\000t\000s}{}% 28
\BOOKMARK [2][-]{subsection.4.1}{\376\377\000P\000r\000e\000p\000r\000o\000c\000e\000s\000s\000i\000n\000g}{section.4}% 29
\BOOKMARK [2][-]{subsection.4.2}{\376\377\000B\000u\000i\000l\000d\000\040\000a\000p\000p\000l\000i\000c\000a\000t\000i\000o\000n}{section.4}% 30
\BOOKMARK [3][-]{subsubsection.4.2.1}{\376\377\000B\000u\000i\000l\000d\000\040\000B\000a\000c\000k\000e\000n\000d}{subsection.4.2}% 31
\BOOKMARK [3][-]{subsubsection.4.2.2}{\376\377\000B\000u\000i\000l\000d\000\040\000F\000r\000o\000n\000t\000e\000n\000d}{subsection.4.2}% 32
\BOOKMARK [4][-]{subsubsubsection.4.2.2.1}{\376\377\000C\000o\000m\000p\000o\000n\000e\000n\000t\000s}{subsubsection.4.2.2}% 33
\BOOKMARK [2][-]{subsection.4.3}{\376\377\000M\000o\000d\000u\000l\000a\000r\000i\000t\000y\000\040\000s\000c\000o\000r\000e\000\040\000c\000o\000m\000p\000a\000r\000i\000s\000o\000n}{section.4}% 34
\BOOKMARK [2][-]{subsection.4.4}{\376\377\000T\000i\000m\000e\000\040\000E\000f\000f\000i\000c\000i\000e\000n\000c\000y\000\040\000c\000o\000m\000p\000a\000r\000i\000s\000o\000n}{section.4}% 35
\BOOKMARK [2][-]{subsection.4.5}{\376\377\000O\000v\000e\000r\000a\000l\000l\000\040\000c\000o\000m\000p\000a\000r\000i\000s\000o\000n}{section.4}% 36
\BOOKMARK [1][-]{section.5}{\376\377\000C\000o\000n\000c\000l\000u\000s\000i\000o\000n}{}% 37
\BOOKMARK [2][-]{subsection.5.1}{\376\377\000A\000c\000h\000i\000e\000v\000e\000m\000e\000n\000t}{section.5}% 38
\BOOKMARK [2][-]{subsection.5.2}{\376\377\000D\000r\000a\000w\000b\000a\000c\000k}{section.5}% 39
\BOOKMARK [2][-]{subsection.5.3}{\376\377\000F\000u\000t\000u\000r\000e\000\040\000w\000o\000r\000k}{section.5}% 40
\BOOKMARK [1][-]{subsection.5.3}{\376\377\000R\000e\000f\000e\000r\000e\000n\000c\000e\000s}{}% 41
